<?xml version="1.0" encoding="UTF-8"?>
<!-- Generated by org.testng.reporters.JUnitReportReporter -->
<testsuite hostname="LAPTOP-QA0S0V7P" failures="0" tests="2" name="xmlStudy.NewTest1" time="0.011" errors="0" timestamp="2022-06-14T19:50:04 IST" skipped="0">
  <testcase classname="xmlStudy.NewTest1" name="MyMethod1" time="0.001"/>
  <system-out>
    <![CDATA[MyMethod 1 is running ]]>
  </system-out>
  <testcase classname="xmlStudy.NewTest1" name="MyMethod2" time="0.010"/>
  <system-out>
    <![CDATA[MyMethod 2 is running ]]>
  </system-out>
</testsuite> <!-- xmlStudy.NewTest1 -->
