<?xml version="1.0" encoding="UTF-8"?>
<!-- Generated by org.testng.reporters.JUnitReportReporter -->
<testsuite hostname="LAPTOP-QA0S0V7P" failures="0" tests="1" name="pom.TestNGTestClass" time="5.247" errors="0" timestamp="2022-06-18T00:31:13 IST" skipped="0">
  <testcase classname="pom.TestNGTestClass" name="verifyKiteUserName" time="5.247"/>
  <system-out>
    <![CDATA[UserId is Matching TC is Pass ]]>
  </system-out>
</testsuite> <!-- pom.TestNGTestClass -->
