<?xml version="1.0" encoding="UTF-8"?>
<!-- Generated by org.testng.reporters.JUnitReportReporter -->
<testsuite hostname="LAPTOP-QA0S0V7P" failures="0" tests="3" name="testNg.MyTestClass" time="68.538" errors="0" timestamp="2022-06-10T17:08:54 IST" skipped="0">
  <testcase classname="testNg.MyTestClass" name="mymethod1" time="62.619"/>
  <system-out>
    <![CDATA[Method1 is running]]>
  </system-out>
  <testcase classname="testNg.MyTestClass" name="mymethod2" time="2.743"/>
  <system-out>
    <![CDATA[Method2 is running]]>
  </system-out>
  <testcase classname="testNg.MyTestClass" name="mymethod3" time="3.176"/>
  <system-out>
    <![CDATA[Method3 is running]]>
  </system-out>
</testsuite> <!-- testNg.MyTestClass -->
