<?xml version="1.0" encoding="UTF-8"?>
<!-- Generated by org.testng.reporters.JUnitReportReporter -->
<testsuite hostname="LAPTOP-QA0S0V7P" failures="0" tests="2" name="testNg.AnnotationStudy2" time="0.006" errors="0" timestamp="2022-06-10T17:08:54 IST" skipped="0">
  <testcase classname="testNg.AnnotationStudy2" name="MyTest3" time="0.004"/>
  <system-out>
    <![CDATA[test Method is running ]]>
  </system-out>
  <testcase classname="testNg.AnnotationStudy2" name="MyTest4" time="0.002"/>
  <system-out>
    <![CDATA[test Method is running ]]>
  </system-out>
</testsuite> <!-- testNg.AnnotationStudy2 -->
