<?xml version="1.0" encoding="UTF-8"?>
<!-- Generated by org.testng.reporters.JUnitReportReporter -->
<testsuite hostname="LAPTOP-QA0S0V7P" failures="0" tests="4" name="xmlStudy.NewTest2" time="0.017" errors="0" timestamp="2022-06-13T23:06:10 IST" skipped="0">
  <testcase classname="xmlStudy.NewTest2" name="MyMethod10" time="0.011"/>
  <system-out>
    <![CDATA[MyMethod 10 is running ]]>
  </system-out>
  <testcase classname="xmlStudy.NewTest2" name="MyMethod8" time="0.002"/>
  <system-out>
    <![CDATA[MyMethod 8 is running ]]>
  </system-out>
  <testcase classname="xmlStudy.NewTest2" name="MyMethod7" time="0.002"/>
  <system-out>
    <![CDATA[MyMethod 7 is running ]]>
  </system-out>
  <testcase classname="xmlStudy.NewTest2" name="MyMethod9" time="0.002"/>
  <system-out>
    <![CDATA[MyMethod 9 is running ]]>
  </system-out>
</testsuite> <!-- xmlStudy.NewTest2 -->
