<?xml version="1.0" encoding="UTF-8"?>
<!-- Generated by org.testng.reporters.JUnitReportReporter -->
<testsuite hostname="LAPTOP-QA0S0V7P" failures="0" tests="4" name="testNg.InvocationCountUse" time="0.016" errors="0" timestamp="2022-06-12T21:03:49 IST" skipped="0">
  <testcase classname="testNg.InvocationCountUse" name="A" time="0.002"/>
  <system-out>
    <![CDATA[mymethod is running ]]>
  </system-out>
  <testcase classname="testNg.InvocationCountUse" name="A" time="0.002"/>
  <system-out>
    <![CDATA[mymethod is running ]]>
  </system-out>
  <testcase classname="testNg.InvocationCountUse" name="A" time="0.011"/>
  <system-out>
    <![CDATA[mymethod is running ]]>
  </system-out>
  <testcase classname="testNg.InvocationCountUse" name="A" time="0.001"/>
  <system-out>
    <![CDATA[mymethod is running ]]>
  </system-out>
</testsuite> <!-- testNg.InvocationCountUse -->
