<?xml version="1.0" encoding="UTF-8"?>
<!-- Generated by org.testng.reporters.JUnitReportReporter -->
<testsuite hostname="LAPTOP-QA0S0V7P" failures="0" tests="3" name="xmlStudy.NewTest" time="0.016" errors="0" timestamp="2022-06-13T20:28:48 IST" skipped="0">
  <testcase classname="xmlStudy.NewTest" name="MyMethod3" time="0.001"/>
  <system-out>
    <![CDATA[MyMethod 3 is running ]]>
  </system-out>
  <testcase classname="xmlStudy.NewTest" name="MyMethod5" time="0.002"/>
  <system-out>
    <![CDATA[MyMethod 5 is running ]]>
  </system-out>
  <testcase classname="xmlStudy.NewTest" name="MyMethod1" time="0.013"/>
  <system-out>
    <![CDATA[MyMethod 1 is running ]]>
  </system-out>
</testsuite> <!-- xmlStudy.NewTest -->
