<?xml version="1.0" encoding="UTF-8"?>
<!-- Generated by org.testng.reporters.JUnitReportReporter -->
<testsuite hostname="LAPTOP-QA0S0V7P" failures="0" tests="4" name="testNg.Priorityuse" time="0.027" errors="0" timestamp="2022-06-12T21:15:05 IST" skipped="0">
  <testcase classname="testNg.Priorityuse" name="C" time="0.021"/>
  <system-out>
    <![CDATA[TestMethod C is running ]]>
  </system-out>
  <testcase classname="testNg.Priorityuse" name="B" time="0.002"/>
  <system-out>
    <![CDATA[TestMethod B is running ]]>
  </system-out>
  <testcase classname="testNg.Priorityuse" name="D" time="0.003"/>
  <system-out>
    <![CDATA[TestMethod D is running ]]>
  </system-out>
  <testcase classname="testNg.Priorityuse" name="A" time="0.001"/>
  <system-out>
    <![CDATA[TextMethod A is runnnning ]]>
  </system-out>
</testsuite> <!-- testNg.Priorityuse -->
