<?xml version="1.0" encoding="UTF-8"?>
<!-- Generated by org.testng.reporters.JUnitReportReporter -->
<testsuite hostname="LAPTOP-QA0S0V7P" failures="0" tests="2" name="testNg.AnnotationStudy1" time="0.013" errors="0" timestamp="2022-06-10T17:08:54 IST" skipped="0">
  <testcase classname="testNg.AnnotationStudy1" name="MyTest1" time="0.006"/>
  <system-out>
    <![CDATA[Test method is running ]]>
  </system-out>
  <testcase classname="testNg.AnnotationStudy1" name="MyTest2" time="0.007"/>
  <system-out>
    <![CDATA[Test Method is runnning ]]>
  </system-out>
</testsuite> <!-- testNg.AnnotationStudy1 -->
