<?xml version="1.0" encoding="UTF-8"?>
<!-- Generated by org.testng.reporters.JUnitReportReporter -->
<testsuite hostname="LAPTOP-QA0S0V7P" failures="0" tests="1" name="xmlStudy.NewTest4" time="0.002" errors="0" timestamp="2022-06-14T18:27:36 IST" skipped="0">
  <testcase classname="xmlStudy.NewTest4" name="MyMethod3" time="0.002"/>
  <system-out>
    <![CDATA[MyMethod 3 is running ]]>
  </system-out>
</testsuite> <!-- xmlStudy.NewTest4 -->
