<?xml version="1.0" encoding="UTF-8"?>
<!-- Generated by org.testng.reporters.JUnitReportReporter -->
<testsuite hostname="LAPTOP-QA0S0V7P" failures="0" tests="3" name="testNg.EnabledUse" time="0.014" errors="0" timestamp="2022-06-13T00:16:46 IST" skipped="1">
  <testcase classname="testNg.EnabledUse" name="A" time="0.013"/>
  <system-out>
    <![CDATA[TestMethod A is running ]]>
  </system-out>
  <testcase classname="testNg.EnabledUse" name="B" time="0.001"/>
  <system-out>
    <![CDATA[TextMethod B is runnnning ]]>
  </system-out>
  <testcase classname="testNg.EnabledUse" name="C">
    <skipped/>
  </testcase> <!-- C -->
  <system-out/>
</testsuite> <!-- testNg.EnabledUse -->
